<?xml version="1.0" encoding="UTF-8"?>
<testsuite xmlns:xsi="http://www.w3.org/2001/XMLSchema-instance" xsi:noNamespaceSchemaLocation="https://maven.apache.org/surefire/maven-surefire-plugin/xsd/surefire-test-report.xsd" name="BookingTests" time="7.438" tests="3" errors="0" skipped="0" failures="1">
  <properties>
    <property name="sun.desktop" value="gnome"/>
    <property name="awt.toolkit" value="sun.awt.X11.XToolkit"/>
    <property name="java.specification.version" value="11"/>
    <property name="sun.cpu.isalist" value=""/>
    <property name="sun.jnu.encoding" value="UTF-8"/>
    <property name="java.class.path" value="/home/maria/Code/apiautomationrestassured/target/test-classes:/home/maria/Code/apiautomationrestassured/target/classes:/home/maria/.m2/repository/io/rest-assured/rest-assured/4.5.1/rest-assured-4.5.1.jar:/home/maria/.m2/repository/org/codehaus/groovy/groovy/3.0.9/groovy-3.0.9.jar:/home/maria/.m2/repository/org/codehaus/groovy/groovy-xml/3.0.9/groovy-xml-3.0.9.jar:/home/maria/.m2/repository/org/apache/httpcomponents/httpclient/4.5.13/httpclient-4.5.13.jar:/home/maria/.m2/repository/org/apache/httpcomponents/httpcore/4.4.13/httpcore-4.4.13.jar:/home/maria/.m2/repository/commons-logging/commons-logging/1.2/commons-logging-1.2.jar:/home/maria/.m2/repository/commons-codec/commons-codec/1.11/commons-codec-1.11.jar:/home/maria/.m2/repository/org/apache/httpcomponents/httpmime/4.5.13/httpmime-4.5.13.jar:/home/maria/.m2/repository/org/hamcrest/hamcrest/2.1/hamcrest-2.1.jar:/home/maria/.m2/repository/org/ccil/cowan/tagsoup/tagsoup/1.2.1/tagsoup-1.2.1.jar:/home/maria/.m2/repository/io/rest-assured/xml-path/4.5.1/xml-path-4.5.1.jar:/home/maria/.m2/repository/io/rest-assured/json-path/4.5.1/json-path-4.5.1.jar:/home/maria/.m2/repository/org/codehaus/groovy/groovy-json/3.0.9/groovy-json-3.0.9.jar:/home/maria/.m2/repository/io/rest-assured/rest-assured-common/4.5.1/rest-assured-common-4.5.1.jar:/home/maria/.m2/repository/io/rest-assured/json-schema-validator/4.5.1/json-schema-validator-4.5.1.jar:/home/maria/.m2/repository/com/github/java-json-tools/json-schema-validator/2.2.14/json-schema-validator-2.2.14.jar:/home/maria/.m2/repository/com/google/guava/guava/28.2-android/guava-28.2-android.jar:/home/maria/.m2/repository/com/google/guava/failureaccess/1.0.1/failureaccess-1.0.1.jar:/home/maria/.m2/repository/com/google/guava/listenablefuture/9999.0-empty-to-avoid-conflict-with-guava/listenablefuture-9999.0-empty-to-avoid-conflict-with-guava.jar:/home/maria/.m2/repository/org/checkerframework/checker-compat-qual/2.5.5/checker-compat-qual-2.5.5.jar:/home/maria/.m2/repository/com/google/errorprone/error_prone_annotations/2.3.4/error_prone_annotations-2.3.4.jar:/home/maria/.m2/repository/com/google/j2objc/j2objc-annotations/1.3/j2objc-annotations-1.3.jar:/home/maria/.m2/repository/com/github/java-json-tools/jackson-coreutils-equivalence/1.0/jackson-coreutils-equivalence-1.0.jar:/home/maria/.m2/repository/com/fasterxml/jackson/core/jackson-databind/2.11.0/jackson-databind-2.11.0.jar:/home/maria/.m2/repository/com/fasterxml/jackson/core/jackson-annotations/2.11.0/jackson-annotations-2.11.0.jar:/home/maria/.m2/repository/com/fasterxml/jackson/core/jackson-core/2.11.0/jackson-core-2.11.0.jar:/home/maria/.m2/repository/com/github/java-json-tools/jackson-coreutils/2.0/jackson-coreutils-2.0.jar:/home/maria/.m2/repository/com/github/java-json-tools/msg-simple/1.2/msg-simple-1.2.jar:/home/maria/.m2/repository/com/github/java-json-tools/btf/1.3/btf-1.3.jar:/home/maria/.m2/repository/com/github/java-json-tools/json-schema-core/1.2.14/json-schema-core-1.2.14.jar:/home/maria/.m2/repository/com/github/java-json-tools/uri-template/0.10/uri-template-0.10.jar:/home/maria/.m2/repository/org/mozilla/rhino/1.7.7.2/rhino-1.7.7.2.jar:/home/maria/.m2/repository/com/sun/mail/mailapi/1.6.2/mailapi-1.6.2.jar:/home/maria/.m2/repository/joda-time/joda-time/2.10.5/joda-time-2.10.5.jar:/home/maria/.m2/repository/com/googlecode/libphonenumber/libphonenumber/8.11.1/libphonenumber-8.11.1.jar:/home/maria/.m2/repository/com/google/code/findbugs/jsr305/3.0.2/jsr305-3.0.2.jar:/home/maria/.m2/repository/net/sf/jopt-simple/jopt-simple/5.0.4/jopt-simple-5.0.4.jar:/home/maria/.m2/repository/org/junit/jupiter/junit-jupiter-engine/5.9.0/junit-jupiter-engine-5.9.0.jar:/home/maria/.m2/repository/org/junit/platform/junit-platform-engine/1.9.0/junit-platform-engine-1.9.0.jar:/home/maria/.m2/repository/org/opentest4j/opentest4j/1.2.0/opentest4j-1.2.0.jar:/home/maria/.m2/repository/org/junit/platform/junit-platform-commons/1.9.0/junit-platform-commons-1.9.0.jar:/home/maria/.m2/repository/org/junit/jupiter/junit-jupiter-api/5.9.0/junit-jupiter-api-5.9.0.jar:/home/maria/.m2/repository/org/apiguardian/apiguardian-api/1.1.2/apiguardian-api-1.1.2.jar:/home/maria/.m2/repository/org/junit/platform/junit-platform-runner/1.9.0/junit-platform-runner-1.9.0.jar:/home/maria/.m2/repository/org/junit/platform/junit-platform-launcher/1.9.0/junit-platform-launcher-1.9.0.jar:/home/maria/.m2/repository/org/junit/platform/junit-platform-suite-api/1.9.0/junit-platform-suite-api-1.9.0.jar:/home/maria/.m2/repository/org/junit/platform/junit-platform-suite-commons/1.9.0/junit-platform-suite-commons-1.9.0.jar:/home/maria/.m2/repository/com/github/javafaker/javafaker/1.0.2/javafaker-1.0.2.jar:/home/maria/.m2/repository/org/apache/commons/commons-lang3/3.5/commons-lang3-3.5.jar:/home/maria/.m2/repository/org/yaml/snakeyaml/1.23/snakeyaml-1.23-android.jar:/home/maria/.m2/repository/com/github/mifmif/generex/1.0.2/generex-1.0.2.jar:/home/maria/.m2/repository/dk/brics/automaton/automaton/1.11-8/automaton-1.11-8.jar:/home/maria/.m2/repository/org/slf4j/slf4j-simple/2.0.1/slf4j-simple-2.0.1.jar:/home/maria/.m2/repository/org/slf4j/slf4j-api/2.0.1/slf4j-api-2.0.1.jar:/home/maria/.m2/repository/io/qameta/allure/allure-junit5/2.19.0/allure-junit5-2.19.0.jar:/home/maria/.m2/repository/io/qameta/allure/allure-junit-platform/2.19.0/allure-junit-platform-2.19.0.jar:/home/maria/.m2/repository/io/qameta/allure/allure-java-commons/2.19.0/allure-java-commons-2.19.0.jar:/home/maria/.m2/repository/io/qameta/allure/allure-model/2.19.0/allure-model-2.19.0.jar:/home/maria/.m2/repository/io/qameta/allure/allure-test-filter/2.19.0/allure-test-filter-2.19.0.jar:/home/maria/.m2/repository/junit/junit/4.11/junit-4.11.jar:/home/maria/.m2/repository/org/hamcrest/hamcrest-core/1.3/hamcrest-core-1.3.jar:"/>
    <property name="java.vm.vendor" value="Ubuntu"/>
    <property name="sun.arch.data.model" value="64"/>
    <property name="java.vendor.url" value="https://ubuntu.com/"/>
    <property name="user.timezone" value="America/Sao_Paulo"/>
    <property name="java.vm.specification.version" value="11"/>
    <property name="os.name" value="Linux"/>
    <property name="sun.java.launcher" value="SUN_STANDARD"/>
    <property name="user.country" value="PT"/>
    <property name="sun.boot.library.path" value="/usr/lib/jvm/java-11-openjdk-amd64/lib"/>
    <property name="sun.java.command" value="/home/maria/Code/apiautomationrestassured/target/surefire/surefirebooter17574490226791043805.jar /home/maria/Code/apiautomationrestassured/target/surefire 2023-01-28T14-39-58_885-jvmRun1 surefire6636639557521976697tmp surefire_04187566361674328759tmp"/>
    <property name="jdk.debug" value="release"/>
    <property name="surefire.test.class.path" value="/home/maria/Code/apiautomationrestassured/target/test-classes:/home/maria/Code/apiautomationrestassured/target/classes:/home/maria/.m2/repository/io/rest-assured/rest-assured/4.5.1/rest-assured-4.5.1.jar:/home/maria/.m2/repository/org/codehaus/groovy/groovy/3.0.9/groovy-3.0.9.jar:/home/maria/.m2/repository/org/codehaus/groovy/groovy-xml/3.0.9/groovy-xml-3.0.9.jar:/home/maria/.m2/repository/org/apache/httpcomponents/httpclient/4.5.13/httpclient-4.5.13.jar:/home/maria/.m2/repository/org/apache/httpcomponents/httpcore/4.4.13/httpcore-4.4.13.jar:/home/maria/.m2/repository/commons-logging/commons-logging/1.2/commons-logging-1.2.jar:/home/maria/.m2/repository/commons-codec/commons-codec/1.11/commons-codec-1.11.jar:/home/maria/.m2/repository/org/apache/httpcomponents/httpmime/4.5.13/httpmime-4.5.13.jar:/home/maria/.m2/repository/org/hamcrest/hamcrest/2.1/hamcrest-2.1.jar:/home/maria/.m2/repository/org/ccil/cowan/tagsoup/tagsoup/1.2.1/tagsoup-1.2.1.jar:/home/maria/.m2/repository/io/rest-assured/xml-path/4.5.1/xml-path-4.5.1.jar:/home/maria/.m2/repository/io/rest-assured/json-path/4.5.1/json-path-4.5.1.jar:/home/maria/.m2/repository/org/codehaus/groovy/groovy-json/3.0.9/groovy-json-3.0.9.jar:/home/maria/.m2/repository/io/rest-assured/rest-assured-common/4.5.1/rest-assured-common-4.5.1.jar:/home/maria/.m2/repository/io/rest-assured/json-schema-validator/4.5.1/json-schema-validator-4.5.1.jar:/home/maria/.m2/repository/com/github/java-json-tools/json-schema-validator/2.2.14/json-schema-validator-2.2.14.jar:/home/maria/.m2/repository/com/google/guava/guava/28.2-android/guava-28.2-android.jar:/home/maria/.m2/repository/com/google/guava/failureaccess/1.0.1/failureaccess-1.0.1.jar:/home/maria/.m2/repository/com/google/guava/listenablefuture/9999.0-empty-to-avoid-conflict-with-guava/listenablefuture-9999.0-empty-to-avoid-conflict-with-guava.jar:/home/maria/.m2/repository/org/checkerframework/checker-compat-qual/2.5.5/checker-compat-qual-2.5.5.jar:/home/maria/.m2/repository/com/google/errorprone/error_prone_annotations/2.3.4/error_prone_annotations-2.3.4.jar:/home/maria/.m2/repository/com/google/j2objc/j2objc-annotations/1.3/j2objc-annotations-1.3.jar:/home/maria/.m2/repository/com/github/java-json-tools/jackson-coreutils-equivalence/1.0/jackson-coreutils-equivalence-1.0.jar:/home/maria/.m2/repository/com/fasterxml/jackson/core/jackson-databind/2.11.0/jackson-databind-2.11.0.jar:/home/maria/.m2/repository/com/fasterxml/jackson/core/jackson-annotations/2.11.0/jackson-annotations-2.11.0.jar:/home/maria/.m2/repository/com/fasterxml/jackson/core/jackson-core/2.11.0/jackson-core-2.11.0.jar:/home/maria/.m2/repository/com/github/java-json-tools/jackson-coreutils/2.0/jackson-coreutils-2.0.jar:/home/maria/.m2/repository/com/github/java-json-tools/msg-simple/1.2/msg-simple-1.2.jar:/home/maria/.m2/repository/com/github/java-json-tools/btf/1.3/btf-1.3.jar:/home/maria/.m2/repository/com/github/java-json-tools/json-schema-core/1.2.14/json-schema-core-1.2.14.jar:/home/maria/.m2/repository/com/github/java-json-tools/uri-template/0.10/uri-template-0.10.jar:/home/maria/.m2/repository/org/mozilla/rhino/1.7.7.2/rhino-1.7.7.2.jar:/home/maria/.m2/repository/com/sun/mail/mailapi/1.6.2/mailapi-1.6.2.jar:/home/maria/.m2/repository/joda-time/joda-time/2.10.5/joda-time-2.10.5.jar:/home/maria/.m2/repository/com/googlecode/libphonenumber/libphonenumber/8.11.1/libphonenumber-8.11.1.jar:/home/maria/.m2/repository/com/google/code/findbugs/jsr305/3.0.2/jsr305-3.0.2.jar:/home/maria/.m2/repository/net/sf/jopt-simple/jopt-simple/5.0.4/jopt-simple-5.0.4.jar:/home/maria/.m2/repository/org/junit/jupiter/junit-jupiter-engine/5.9.0/junit-jupiter-engine-5.9.0.jar:/home/maria/.m2/repository/org/junit/platform/junit-platform-engine/1.9.0/junit-platform-engine-1.9.0.jar:/home/maria/.m2/repository/org/opentest4j/opentest4j/1.2.0/opentest4j-1.2.0.jar:/home/maria/.m2/repository/org/junit/platform/junit-platform-commons/1.9.0/junit-platform-commons-1.9.0.jar:/home/maria/.m2/repository/org/junit/jupiter/junit-jupiter-api/5.9.0/junit-jupiter-api-5.9.0.jar:/home/maria/.m2/repository/org/apiguardian/apiguardian-api/1.1.2/apiguardian-api-1.1.2.jar:/home/maria/.m2/repository/org/junit/platform/junit-platform-runner/1.9.0/junit-platform-runner-1.9.0.jar:/home/maria/.m2/repository/org/junit/platform/junit-platform-launcher/1.9.0/junit-platform-launcher-1.9.0.jar:/home/maria/.m2/repository/org/junit/platform/junit-platform-suite-api/1.9.0/junit-platform-suite-api-1.9.0.jar:/home/maria/.m2/repository/org/junit/platform/junit-platform-suite-commons/1.9.0/junit-platform-suite-commons-1.9.0.jar:/home/maria/.m2/repository/com/github/javafaker/javafaker/1.0.2/javafaker-1.0.2.jar:/home/maria/.m2/repository/org/apache/commons/commons-lang3/3.5/commons-lang3-3.5.jar:/home/maria/.m2/repository/org/yaml/snakeyaml/1.23/snakeyaml-1.23-android.jar:/home/maria/.m2/repository/com/github/mifmif/generex/1.0.2/generex-1.0.2.jar:/home/maria/.m2/repository/dk/brics/automaton/automaton/1.11-8/automaton-1.11-8.jar:/home/maria/.m2/repository/org/slf4j/slf4j-simple/2.0.1/slf4j-simple-2.0.1.jar:/home/maria/.m2/repository/org/slf4j/slf4j-api/2.0.1/slf4j-api-2.0.1.jar:/home/maria/.m2/repository/io/qameta/allure/allure-junit5/2.19.0/allure-junit5-2.19.0.jar:/home/maria/.m2/repository/io/qameta/allure/allure-junit-platform/2.19.0/allure-junit-platform-2.19.0.jar:/home/maria/.m2/repository/io/qameta/allure/allure-java-commons/2.19.0/allure-java-commons-2.19.0.jar:/home/maria/.m2/repository/io/qameta/allure/allure-model/2.19.0/allure-model-2.19.0.jar:/home/maria/.m2/repository/io/qameta/allure/allure-test-filter/2.19.0/allure-test-filter-2.19.0.jar:/home/maria/.m2/repository/junit/junit/4.11/junit-4.11.jar:/home/maria/.m2/repository/org/hamcrest/hamcrest-core/1.3/hamcrest-core-1.3.jar:"/>
    <property name="sun.cpu.endian" value="little"/>
    <property name="user.home" value="/home/maria"/>
    <property name="user.language" value="pt"/>
    <property name="java.specification.vendor" value="Oracle Corporation"/>
    <property name="java.version.date" value="2022-10-18"/>
    <property name="java.home" value="/usr/lib/jvm/java-11-openjdk-amd64"/>
    <property name="file.separator" value="/"/>
    <property name="basedir" value="/home/maria/Code/apiautomationrestassured"/>
    <property name="java.vm.compressedOopsMode" value="32-bit"/>
    <property name="line.separator" value="&#10;"/>
    <property name="java.specification.name" value="Java Platform API Specification"/>
    <property name="java.vm.specification.vendor" value="Oracle Corporation"/>
    <property name="java.awt.graphicsenv" value="sun.awt.X11GraphicsEnvironment"/>
    <property name="surefire.real.class.path" value="/home/maria/Code/apiautomationrestassured/target/surefire/surefirebooter17574490226791043805.jar"/>
    <property name="sun.management.compiler" value="HotSpot 64-Bit Tiered Compilers"/>
    <property name="java.runtime.version" value="11.0.17+8-post-Ubuntu-1ubuntu220.04"/>
    <property name="user.name" value="maria"/>
    <property name="path.separator" value=":"/>
    <property name="os.version" value="5.15.0-58-generic"/>
    <property name="java.runtime.name" value="OpenJDK Runtime Environment"/>
    <property name="file.encoding" value="UTF-8"/>
    <property name="java.vm.name" value="OpenJDK 64-Bit Server VM"/>
    <property name="localRepository" value="/home/maria/.m2/repository"/>
    <property name="java.vendor.url.bug" value="https://bugs.launchpad.net/ubuntu/+source/openjdk-lts"/>
    <property name="java.io.tmpdir" value="/tmp"/>
    <property name="java.version" value="11.0.17"/>
    <property name="user.dir" value="/home/maria/Code/apiautomationrestassured"/>
    <property name="os.arch" value="amd64"/>
    <property name="java.vm.specification.name" value="Java Virtual Machine Specification"/>
    <property name="java.awt.printerjob" value="sun.print.PSPrinterJob"/>
    <property name="sun.os.patch.level" value="unknown"/>
    <property name="java.library.path" value="/usr/java/packages/lib:/usr/lib/x86_64-linux-gnu/jni:/lib/x86_64-linux-gnu:/usr/lib/x86_64-linux-gnu:/usr/lib/jni:/lib:/usr/lib"/>
    <property name="java.vm.info" value="mixed mode, sharing"/>
    <property name="java.vendor" value="Ubuntu"/>
    <property name="java.vm.version" value="11.0.17+8-post-Ubuntu-1ubuntu220.04"/>
    <property name="sun.io.unicode.encoding" value="UnicodeLittle"/>
    <property name="java.class.version" value="55.0"/>
  </properties>
  <testcase name="getAllBookingsByUserFirstName_BookingExists_returnOk" classname="BookingTests" time="4.162"/>
  <testcase name="getAllBookingsById_returnOk" classname="BookingTests" time="1.705"/>
  <testcase name="CreateBooking_WithValidData_returnOk" classname="BookingTests" time="0.855">
    <failure message="1 expectation failed.&#10;Response body doesn&apos;t match expectation.&#10;Expected: The content to match the given JSON schema.&#10;error: object has missing required properties ([&quot;bookingdates&quot;,&quot;depositpaid&quot;,&quot;firstname&quot;,&quot;lastname&quot;,&quot;totalprice&quot;])&#10;    level: &quot;error&quot;&#10;    schema: {&quot;loadingURI&quot;:&quot;file:/home/maria/Code/apiautomationrestassured/target/test-classes/createBookingRequestSchema.json#&quot;,&quot;pointer&quot;:&quot;&quot;}&#10;    instance: {&quot;pointer&quot;:&quot;&quot;}&#10;    domain: &quot;validation&quot;&#10;    keyword: &quot;required&quot;&#10;    required: [&quot;bookingdates&quot;,&quot;depositpaid&quot;,&quot;firstname&quot;,&quot;lastname&quot;,&quot;totalprice&quot;]&#10;    missing: [&quot;bookingdates&quot;,&quot;depositpaid&quot;,&quot;firstname&quot;,&quot;lastname&quot;,&quot;totalprice&quot;]&#10;&#10;  Actual: {&quot;bookingid&quot;:9128,&quot;booking&quot;:{&quot;firstname&quot;:&quot;Ayanna&quot;,&quot;lastname&quot;:&quot;Dicki&quot;,&quot;totalprice&quot;:74200,&quot;depositpaid&quot;:true,&quot;bookingdates&quot;:{&quot;checkin&quot;:&quot;2018-01-02&quot;,&quot;checkout&quot;:&quot;2018-01-03&quot;},&quot;additionalneeds&quot;:&quot;&quot;}}&#10;" type="java.lang.AssertionError">java.lang.AssertionError: 
1 expectation failed.
Response body doesn't match expectation.
Expected: The content to match the given JSON schema.
error: object has missing required properties (["bookingdates","depositpaid","firstname","lastname","totalprice"])
    level: "error"
    schema: {"loadingURI":"file:/home/maria/Code/apiautomationrestassured/target/test-classes/createBookingRequestSchema.json#","pointer":""}
    instance: {"pointer":""}
    domain: "validation"
    keyword: "required"
    required: ["bookingdates","depositpaid","firstname","lastname","totalprice"]
    missing: ["bookingdates","depositpaid","firstname","lastname","totalprice"]

  Actual: {"bookingid":9128,"booking":{"firstname":"Ayanna","lastname":"Dicki","totalprice":74200,"depositpaid":true,"bookingdates":{"checkin":"2018-01-02","checkout":"2018-01-03"},"additionalneeds":""}}

	at BookingTests.CreateBooking_WithValidData_returnOk(BookingTests.java:89)
</failure>
    <system-out><![CDATA[Request method:	POST
Request URI:	https://restful-booker.herokuapp.com/booking
Proxy:			<none>
Request params:	<none>
Query params:	<none>
Form params:	<none>
Path params:	<none>
Headers:		Accept=*/*
				Content-Type=application/json
Cookies:		<none>
Multiparts:		<none>
Body:
{
    "firstname": "Ayanna",
    "lastname": "Dicki",
    "totalprice": 74200.01,
    "depositpaid": true,
    "bookingdates": {
        "checkin": "2018-01-02",
        "checkout": "2018-01-03"
    },
    "additionalneeds": ""
}
HTTP/1.1 200 OK
Server: Cowboy
Connection: keep-alive
X-Powered-By: Express
Content-Type: application/json; charset=utf-8
Content-Length: 193
Etag: W/"c1-hNMSS2dAHURG+sIhRhIretsEdh4"
Date: Sat, 28 Jan 2023 17:40:06 GMT
Via: 1.1 vegur

{
    "bookingid": 9128,
    "booking": {
        "firstname": "Ayanna",
        "lastname": "Dicki",
        "totalprice": 74200,
        "depositpaid": true,
        "bookingdates": {
            "checkin": "2018-01-02",
            "checkout": "2018-01-03"
        },
        "additionalneeds": ""
    }
}
]]></system-out>
  </testcase>
</testsuite>